# JRE version: Java(TM) SE Runtime Environment (8.0_102-b14) (build 1.8.0_102-b14)
# Java VM: Java HotSpot(TM) 64-Bit Server VM (25.102-b14 mixed mode bsd-amd64 compressed oops)
Heap:
 PSYoungGen      total 71680K, used 71667K [0x0000000795580000, 0x00000007a0780000, 0x00000007c0000000)
  eden space 66560K, 100% used [0x0000000795580000,0x0000000799680000,0x0000000799680000)
  from space 5120K, 99% used [0x0000000799680000,0x0000000799b7ce08,0x0000000799b80000)
  to   space 24576K, 76% used [0x000000079ef80000,0x00000007a01e7148,0x00000007a0780000)
 ParOldGen       total 87552K, used 40883K [0x0000000740000000, 0x0000000745580000, 0x0000000795580000)
  object space 87552K, 46% used [0x0000000740000000,0x00000007427ece08,0x0000000745580000)
 Metaspace       used 12307K, capacity 13020K, committed 13184K, reserved 1060864K
  class space    used 1211K, capacity 1356K, committed 1408K, reserved 1048576K
GC Heap History (10 events):
Event: 1.773 GC heap after
Heap after GC invocations=1 (full 0):
 PSYoungGen      total 38400K, used 5093K [0x0000000795580000, 0x0000000798000000, 0x00000007c0000000)
  eden space 33280K, 0% used [0x0000000795580000,0x0000000795580000,0x0000000797600000)
  from space 5120K, 99% used [0x0000000797600000,0x0000000797af9778,0x0000000797b00000)
  to   space 5120K, 0% used [0x0000000797b00000,0x0000000797b00000,0x0000000798000000)
 ParOldGen       total 87552K, used 2236K [0x0000000740000000, 0x0000000745580000, 0x0000000795580000)
  object space 87552K, 2% used [0x0000000740000000,0x000000074022f1d8,0x0000000745580000)
 Metaspace       used 8239K, capacity 8402K, committed 8704K, reserved 1056768K
  class space    used 885K, capacity 928K, committed 1024K, reserved 1048576K
}
Event: 2.471 GC heap before
{Heap before GC invocations=2 (full 0):
 PSYoungGen      total 38400K, used 38373K [0x0000000795580000, 0x0000000798000000, 0x00000007c0000000)
  eden space 33280K, 100% used [0x0000000795580000,0x0000000797600000,0x0000000797600000)
  from space 5120K, 99% used [0x0000000797600000,0x0000000797af9778,0x0000000797b00000)
  to   space 5120K, 0% used [0x0000000797b00000,0x0000000797b00000,0x0000000798000000)
 ParOldGen       total 87552K, used 2236K [0x0000000740000000, 0x0000000745580000, 0x0000000795580000)
  object space 87552K, 2% used [0x0000000740000000,0x000000074022f1d8,0x0000000745580000)
 Metaspace       used 8393K, capacity 8530K, committed 8704K, reserved 1056768K
  class space    used 885K, capacity 928K, committed 1024K, reserved 1048576K
Event: 2.485 GC heap after
Heap after GC invocations=2 (full 0):
 PSYoungGen      total 38400K, used 5089K [0x0000000795580000, 0x000000079a080000, 0x00000007c0000000)
  eden space 33280K, 0% used [0x0000000795580000,0x0000000795580000,0x0000000797600000)
  from space 5120K, 99% used [0x0000000797b00000,0x0000000797ff8540,0x0000000798000000)
  to   space 5120K, 0% used [0x0000000797600000,0x0000000797600000,0x0000000797b00000)
 ParOldGen       total 87552K, used 6620K [0x0000000740000000, 0x0000000745580000, 0x0000000795580000)
  object space 87552K, 7% used [0x0000000740000000,0x0000000740677098,0x0000000745580000)
 Metaspace       used 8393K, capacity 8530K, committed 8704K, reserved 1056768K
  class space    used 885K, capacity 928K, committed 1024K, reserved 1048576K
}
Event: 3.429 GC heap before
{Heap before GC invocations=3 (full 0):
 PSYoungGen      total 38400K, used 38369K [0x0000000795580000, 0x000000079a080000, 0x00000007c0000000)
  eden space 33280K, 100% used [0x0000000795580000,0x0000000797600000,0x0000000797600000)
  from space 5120K, 99% used [0x0000000797b00000,0x0000000797ff8540,0x0000000798000000)
  to   space 5120K, 0% used [0x0000000797600000,0x0000000797600000,0x0000000797b00000)
 ParOldGen       total 87552K, used 6620K [0x0000000740000000, 0x0000000745580000, 0x0000000795580000)
  object space 87552K, 7% used [0x0000000740000000,0x0000000740677098,0x0000000745580000)
 Metaspace       used 8534K, capacity 8722K, committed 8960K, reserved 1056768K
  class space    used 886K, capacity 928K, committed 1024K, reserved 1048576K
Event: 3.440 GC heap after
Heap after GC invocations=3 (full 0):
 PSYoungGen      total 38400K, used 5088K [0x0000000795580000, 0x000000079a080000, 0x00000007c0000000)
  eden space 33280K, 0% used [0x0000000795580000,0x0000000795580000,0x0000000797600000)
  from space 5120K, 99% used [0x0000000797600000,0x0000000797af82b0,0x0000000797b00000)
  to   space 5120K, 0% used [0x0000000799b80000,0x0000000799b80000,0x000000079a080000)
 ParOldGen       total 87552K, used 12192K [0x0000000740000000, 0x0000000745580000, 0x0000000795580000)
  object space 87552K, 13% used [0x0000000740000000,0x0000000740be80e0,0x0000000745580000)
 Metaspace       used 8534K, capacity 8722K, committed 8960K, reserved 1056768K
  class space    used 886K, capacity 928K, committed 1024K, reserved 1048576K
}
Event: 4.155 GC heap before
{Heap before GC invocations=4 (full 0):
 PSYoungGen      total 38400K, used 38368K [0x0000000795580000, 0x000000079a080000, 0x00000007c0000000)
  eden space 33280K, 100% used [0x0000000795580000,0x0000000797600000,0x0000000797600000)
  from space 5120K, 99% used [0x0000000797600000,0x0000000797af82b0,0x0000000797b00000)
  to   space 5120K, 0% used [0x0000000799b80000,0x0000000799b80000,0x000000079a080000)
 ParOldGen       total 87552K, used 12192K [0x0000000740000000, 0x0000000745580000, 0x0000000795580000)
  object space 87552K, 13% used [0x0000000740000000,0x0000000740be80e0,0x0000000745580000)
 Metaspace       used 8586K, capacity 8722K, committed 8960K, reserved 1056768K
  class space    used 886K, capacity 928K, committed 1024K, reserved 1048576K
Event: 4.168 GC heap after
Heap after GC invocations=4 (full 0):
 PSYoungGen      total 71680K, used 5108K [0x0000000795580000, 0x000000079a080000, 0x00000007c0000000)
  eden space 66560K, 0% used [0x0000000795580000,0x0000000795580000,0x0000000799680000)
  from space 5120K, 99% used [0x0000000799b80000,0x000000079a07d0a8,0x000000079a080000)
  to   space 5120K, 0% used [0x0000000799680000,0x0000000799680000,0x0000000799b80000)
 ParOldGen       total 87552K, used 17177K [0x0000000740000000, 0x0000000745580000, 0x0000000795580000)
  object space 87552K, 19% used [0x0000000740000000,0x00000007410c6768,0x0000000745580000)
 Metaspace       used 8586K, capacity 8722K, committed 8960K, reserved 1056768K
  class space    used 886K, capacity 928K, committed 1024K, reserved 1048576K
}
Event: 5.236 GC heap before
{Heap before GC invocations=5 (full 0):
 PSYoungGen      total 71680K, used 71668K [0x0000000795580000, 0x000000079a080000, 0x00000007c0000000)
  eden space 66560K, 100% used [0x0000000795580000,0x0000000799680000,0x0000000799680000)
  from space 5120K, 99% used [0x0000000799b80000,0x000000079a07d0a8,0x000000079a080000)
  to   space 5120K, 0% used [0x0000000799680000,0x0000000799680000,0x0000000799b80000)
 ParOldGen       total 87552K, used 17177K [0x0000000740000000, 0x0000000745580000, 0x0000000795580000)
  object space 87552K, 19% used [0x0000000740000000,0x00000007410c6768,0x0000000745580000)
 Metaspace       used 8933K, capacity 9106K, committed 9216K, reserved 1056768K
  class space    used 898K, capacity 928K, committed 1024K, reserved 1048576K
Event: 5.280 GC heap after
Heap after GC invocations=5 (full 0):
 PSYoungGen      total 71680K, used 5107K [0x0000000795580000, 0x00000007a0780000, 0x00000007c0000000)
  eden space 66560K, 0% used [0x0000000795580000,0x0000000795580000,0x0000000799680000)
  from space 5120K, 99% used [0x0000000799680000,0x0000000799b7ce08,0x0000000799b80000)
  to   space 24576K, 0% used [0x000000079ef80000,0x000000079ef80000,0x00000007a0780000)
 ParOldGen       total 87552K, used 40883K [0x0000000740000000, 0x0000000745580000, 0x0000000795580000)
  object space 87552K, 46% used [0x0000000740000000,0x00000007427ece08,0x0000000745580000)
 Metaspace       used 8933K, capacity 9106K, committed 9216K, reserved 1056768K
  class space    used 898K, capacity 928K, committed 1024K, reserved 1048576K
}
Event: 6.943 GC heap before
{Heap before GC invocations=6 (full 0):
 PSYoungGen      total 71680K, used 71667K [0x0000000795580000, 0x00000007a0780000, 0x00000007c0000000)
  eden space 66560K, 100% used [0x0000000795580000,0x0000000799680000,0x0000000799680000)
  from space 5120K, 99% used [0x0000000799680000,0x0000000799b7ce08,0x0000000799b80000)
  to   space 24576K, 0% used [0x000000079ef80000,0x000000079ef80000,0x00000007a0780000)
 ParOldGen       total 87552K, used 40883K [0x0000000740000000, 0x0000000745580000, 0x0000000795580000)
  object space 87552K, 46% used [0x0000000740000000,0x00000007427ece08,0x0000000745580000)
 Metaspace       used 12307K, capacity 13020K, committed 13184K, reserved 1060864K
  class space    used 1211K, capacity 1356K, committed 1408K, reserved 1048576K

