# JRE version: Java(TM) SE Runtime Environment (8.0_102-b14) (build 1.8.0_102-b14)
# Java VM: Java HotSpot(TM) 64-Bit Server VM (25.102-b14 mixed mode bsd-amd64 compressed oops)
Heap:
 PSYoungGen      total 580608K, used 548736K [0x0000000795580000, 0x00000007bd300000, 0x00000007c0000000)
  eden space 536064K, 100% used [0x0000000795580000,0x00000007b6100000,0x00000007b6100000)
  from space 44544K, 28% used [0x00000007ba780000,0x00000007bb3e0000,0x00000007bd300000)
  to   space 58368K, 21% used [0x00000007b6100000,0x00000007b6d58000,0x00000007b9a00000)
 ParOldGen       total 154112K, used 58394K [0x0000000740000000, 0x0000000749680000, 0x0000000795580000)
  object space 154112K, 37% used [0x0000000740000000,0x0000000743906ae8,0x0000000749680000)
 Metaspace       used 29747K, capacity 32420K, committed 32512K, reserved 1077248K
  class space    used 3371K, capacity 4056K, committed 4096K, reserved 1048576K
GC Heap History (10 events):
Event: 13.987 GC heap after
Heap after GC invocations=12 (full 1):
 PSYoungGen      total 378368K, used 8091K [0x0000000795580000, 0x00000007b7180000, 0x00000007c0000000)
  eden space 311808K, 0% used [0x0000000795580000,0x0000000795580000,0x00000007a8600000)
  from space 66560K, 12% used [0x00000007a8600000,0x00000007a8de6d40,0x00000007ac700000)
  to   space 66048K, 0% used [0x00000007b3100000,0x00000007b3100000,0x00000007b7180000)
 ParOldGen       total 171008K, used 126062K [0x0000000740000000, 0x000000074a700000, 0x0000000795580000)
  object space 171008K, 73% used [0x0000000740000000,0x0000000747b1bb28,0x000000074a700000)
 Metaspace       used 20094K, capacity 21214K, committed 21296K, reserved 1069056K
  class space    used 2021K, capacity 2373K, committed 2432K, reserved 1048576K
}
Event: 13.987 GC heap before
{Heap before GC invocations=13 (full 2):
 PSYoungGen      total 378368K, used 8091K [0x0000000795580000, 0x00000007b7180000, 0x00000007c0000000)
  eden space 311808K, 0% used [0x0000000795580000,0x0000000795580000,0x00000007a8600000)
  from space 66560K, 12% used [0x00000007a8600000,0x00000007a8de6d40,0x00000007ac700000)
  to   space 66048K, 0% used [0x00000007b3100000,0x00000007b3100000,0x00000007b7180000)
 ParOldGen       total 171008K, used 126062K [0x0000000740000000, 0x000000074a700000, 0x0000000795580000)
  object space 171008K, 73% used [0x0000000740000000,0x0000000747b1bb28,0x000000074a700000)
 Metaspace       used 20094K, capacity 21214K, committed 21296K, reserved 1069056K
  class space    used 2021K, capacity 2373K, committed 2432K, reserved 1048576K
Event: 14.146 GC heap after
Heap after GC invocations=13 (full 2):
 PSYoungGen      total 378368K, used 0K [0x0000000795580000, 0x00000007b7180000, 0x00000007c0000000)
  eden space 311808K, 0% used [0x0000000795580000,0x0000000795580000,0x00000007a8600000)
  from space 66560K, 0% used [0x00000007a8600000,0x00000007a8600000,0x00000007ac700000)
  to   space 66048K, 0% used [0x00000007b3100000,0x00000007b3100000,0x00000007b7180000)
 ParOldGen       total 154112K, used 52239K [0x0000000740000000, 0x0000000749680000, 0x0000000795580000)
  object space 154112K, 33% used [0x0000000740000000,0x0000000743303f38,0x0000000749680000)
 Metaspace       used 20094K, capacity 21214K, committed 21296K, reserved 1069056K
  class space    used 2021K, capacity 2373K, committed 2432K, reserved 1048576K
}
Event: 19.200 GC heap before
{Heap before GC invocations=14 (full 2):
 PSYoungGen      total 378368K, used 311808K [0x0000000795580000, 0x00000007b7180000, 0x00000007c0000000)
  eden space 311808K, 100% used [0x0000000795580000,0x00000007a8600000,0x00000007a8600000)
  from space 66560K, 0% used [0x00000007a8600000,0x00000007a8600000,0x00000007ac700000)
  to   space 66048K, 0% used [0x00000007b3100000,0x00000007b3100000,0x00000007b7180000)
 ParOldGen       total 154112K, used 52239K [0x0000000740000000, 0x0000000749680000, 0x0000000795580000)
  object space 154112K, 33% used [0x0000000740000000,0x0000000743303f38,0x0000000749680000)
 Metaspace       used 29185K, capacity 31572K, committed 31616K, reserved 1077248K
  class space    used 3305K, capacity 3968K, committed 3968K, reserved 1048576K
Event: 19.264 GC heap after
Heap after GC invocations=14 (full 2):
 PSYoungGen      total 473600K, used 24716K [0x0000000795580000, 0x00000007b6700000, 0x00000007c0000000)
  eden space 418304K, 0% used [0x0000000795580000,0x0000000795580000,0x00000007aee00000)
  from space 55296K, 44% used [0x00000007b3100000,0x00000007b49230a0,0x00000007b6700000)
  to   space 61952K, 0% used [0x00000007aee00000,0x00000007aee00000,0x00000007b2a80000)
 ParOldGen       total 154112K, used 52247K [0x0000000740000000, 0x0000000749680000, 0x0000000795580000)
  object space 154112K, 33% used [0x0000000740000000,0x0000000743305f38,0x0000000749680000)
 Metaspace       used 29185K, capacity 31572K, committed 31616K, reserved 1077248K
  class space    used 3305K, capacity 3968K, committed 3968K, reserved 1048576K
}
Event: 24.330 GC heap before
{Heap before GC invocations=15 (full 2):
 PSYoungGen      total 473600K, used 443020K [0x0000000795580000, 0x00000007b6700000, 0x00000007c0000000)
  eden space 418304K, 100% used [0x0000000795580000,0x00000007aee00000,0x00000007aee00000)
  from space 55296K, 44% used [0x00000007b3100000,0x00000007b49230a0,0x00000007b6700000)
  to   space 61952K, 0% used [0x00000007aee00000,0x00000007aee00000,0x00000007b2a80000)
 ParOldGen       total 154112K, used 52247K [0x0000000740000000, 0x0000000749680000, 0x0000000795580000)
  object space 154112K, 33% used [0x0000000740000000,0x0000000743305f38,0x0000000749680000)
 Metaspace       used 29366K, capacity 31824K, committed 32000K, reserved 1077248K
  class space    used 3315K, capacity 3978K, committed 4096K, reserved 1048576K
Event: 24.399 GC heap after
Heap after GC invocations=15 (full 2):
 PSYoungGen      total 480256K, used 19328K [0x0000000795580000, 0x00000007be180000, 0x00000007c0000000)
  eden space 418304K, 0% used [0x0000000795580000,0x0000000795580000,0x00000007aee00000)
  from space 61952K, 31% used [0x00000007aee00000,0x00000007b00e0000,0x00000007b2a80000)
  to   space 59392K, 0% used [0x00000007ba780000,0x00000007ba780000,0x00000007be180000)
 ParOldGen       total 154112K, used 57850K [0x0000000740000000, 0x0000000749680000, 0x0000000795580000)
  object space 154112K, 37% used [0x0000000740000000,0x000000074387eae8,0x0000000749680000)
 Metaspace       used 29366K, capacity 31824K, committed 32000K, reserved 1077248K
  class space    used 3315K, capacity 3978K, committed 4096K, reserved 1048576K
}
Event: 28.027 GC heap before
{Heap before GC invocations=16 (full 2):
 PSYoungGen      total 480256K, used 437632K [0x0000000795580000, 0x00000007be180000, 0x00000007c0000000)
  eden space 418304K, 100% used [0x0000000795580000,0x00000007aee00000,0x00000007aee00000)
  from space 61952K, 31% used [0x00000007aee00000,0x00000007b00e0000,0x00000007b2a80000)
  to   space 59392K, 0% used [0x00000007ba780000,0x00000007ba780000,0x00000007be180000)
 ParOldGen       total 154112K, used 57850K [0x0000000740000000, 0x0000000749680000, 0x0000000795580000)
  object space 154112K, 37% used [0x0000000740000000,0x000000074387eae8,0x0000000749680000)
 Metaspace       used 29648K, capacity 32324K, committed 32512K, reserved 1077248K
  class space    used 3359K, capacity 4040K, committed 4096K, reserved 1048576K
Event: 28.068 GC heap after
Heap after GC invocations=16 (full 2):
 PSYoungGen      total 580608K, used 12672K [0x0000000795580000, 0x00000007bd300000, 0x00000007c0000000)
  eden space 536064K, 0% used [0x0000000795580000,0x0000000795580000,0x00000007b6100000)
  from space 44544K, 28% used [0x00000007ba780000,0x00000007bb3e0000,0x00000007bd300000)
  to   space 58368K, 0% used [0x00000007b6100000,0x00000007b6100000,0x00000007b9a00000)
 ParOldGen       total 154112K, used 58394K [0x0000000740000000, 0x0000000749680000, 0x0000000795580000)
  object space 154112K, 37% used [0x0000000740000000,0x0000000743906ae8,0x0000000749680000)
 Metaspace       used 29648K, capacity 32324K, committed 32512K, reserved 1077248K
  class space    used 3359K, capacity 4040K, committed 4096K, reserved 1048576K
}
Event: 31.551 GC heap before
{Heap before GC invocations=17 (full 2):
 PSYoungGen      total 580608K, used 548736K [0x0000000795580000, 0x00000007bd300000, 0x00000007c0000000)
  eden space 536064K, 100% used [0x0000000795580000,0x00000007b6100000,0x00000007b6100000)
  from space 44544K, 28% used [0x00000007ba780000,0x00000007bb3e0000,0x00000007bd300000)
  to   space 58368K, 0% used [0x00000007b6100000,0x00000007b6100000,0x00000007b9a00000)
 ParOldGen       total 154112K, used 58394K [0x0000000740000000, 0x0000000749680000, 0x0000000795580000)
  object space 154112K, 37% used [0x0000000740000000,0x0000000743906ae8,0x0000000749680000)
 Metaspace       used 29747K, capacity 32420K, committed 32512K, reserved 1077248K
  class space    used 3371K, capacity 4056K, committed 4096K, reserved 1048576K

