# JRE version: Java(TM) SE Runtime Environment (8.0_102-b14) (build 1.8.0_102-b14)
# Java VM: Java HotSpot(TM) 64-Bit Server VM (25.102-b14 mixed mode bsd-amd64 compressed oops)
Heap:
 PSYoungGen      total 382976K, used 78843K [0x0000000795580000, 0x00000007bd880000, 0x00000007c0000000)
  eden space 304128K, 0% used [0x0000000795580000,0x0000000795580000,0x00000007a7e80000)
  from space 78848K, 99% used [0x00000007a7e80000,0x00000007acb7ec08,0x00000007acb80000)
  to   space 97280K, 0% used [0x00000007b7980000,0x00000007b7980000,0x00000007bd880000)
 ParOldGen       total 114176K, used 96077K [0x0000000740000000, 0x0000000746f80000, 0x0000000795580000)
  object space 114176K, 84% used [0x0000000740000000,0x0000000745dd3580,0x0000000746f80000)
 Metaspace       used 14896K, capacity 15072K, committed 15360K, reserved 1062912K
  class space    used 1373K, capacity 1437K, committed 1536K, reserved 1048576K
GC Heap History (10 events):
Event: 5.564 GC heap after
Heap after GC invocations=8 (full 1):
 PSYoungGen      total 154624K, used 33787K [0x0000000795580000, 0x00000007a8300000, 0x00000007c0000000)
  eden space 120832K, 0% used [0x0000000795580000,0x0000000795580000,0x000000079cb80000)
  from space 33792K, 99% used [0x000000079cb80000,0x000000079ec7ece8,0x000000079ec80000)
  to   space 46592K, 0% used [0x00000007a5580000,0x00000007a5580000,0x00000007a8300000)
 ParOldGen       total 114176K, used 57291K [0x0000000740000000, 0x0000000746f80000, 0x0000000795580000)
  object space 114176K, 50% used [0x0000000740000000,0x00000007437f2d40,0x0000000746f80000)
 Metaspace       used 14480K, capacity 14586K, committed 14720K, reserved 1062912K
  class space    used 1358K, capacity 1404K, committed 1408K, reserved 1048576K
}
Event: 6.721 GC heap before
{Heap before GC invocations=9 (full 1):
 PSYoungGen      total 154624K, used 154619K [0x0000000795580000, 0x00000007a8300000, 0x00000007c0000000)
  eden space 120832K, 100% used [0x0000000795580000,0x000000079cb80000,0x000000079cb80000)
  from space 33792K, 99% used [0x000000079cb80000,0x000000079ec7ece8,0x000000079ec80000)
  to   space 46592K, 0% used [0x00000007a5580000,0x00000007a5580000,0x00000007a8300000)
 ParOldGen       total 114176K, used 57307K [0x0000000740000000, 0x0000000746f80000, 0x0000000795580000)
  object space 114176K, 50% used [0x0000000740000000,0x00000007437f6fc8,0x0000000746f80000)
 Metaspace       used 14689K, capacity 14874K, committed 15104K, reserved 1062912K
  class space    used 1371K, capacity 1436K, committed 1536K, reserved 1048576K
Event: 6.775 GC heap after
Heap after GC invocations=9 (full 1):
 PSYoungGen      total 257024K, used 40742K [0x0000000795580000, 0x00000007a8f80000, 0x00000007c0000000)
  eden space 210432K, 0% used [0x0000000795580000,0x0000000795580000,0x00000007a2300000)
  from space 46592K, 87% used [0x00000007a5580000,0x00000007a7d49b80,0x00000007a8300000)
  to   space 51712K, 0% used [0x00000007a2300000,0x00000007a2300000,0x00000007a5580000)
 ParOldGen       total 114176K, used 57315K [0x0000000740000000, 0x0000000746f80000, 0x0000000795580000)
  object space 114176K, 50% used [0x0000000740000000,0x00000007437f8fc8,0x0000000746f80000)
 Metaspace       used 14689K, capacity 14874K, committed 15104K, reserved 1062912K
  class space    used 1371K, capacity 1436K, committed 1536K, reserved 1048576K
}
Event: 7.636 GC heap before
{Heap before GC invocations=10 (full 1):
 PSYoungGen      total 257024K, used 251174K [0x0000000795580000, 0x00000007a8f80000, 0x00000007c0000000)
  eden space 210432K, 100% used [0x0000000795580000,0x00000007a2300000,0x00000007a2300000)
  from space 46592K, 87% used [0x00000007a5580000,0x00000007a7d49b80,0x00000007a8300000)
  to   space 51712K, 0% used [0x00000007a2300000,0x00000007a2300000,0x00000007a5580000)
 ParOldGen       total 114176K, used 57319K [0x0000000740000000, 0x0000000746f80000, 0x0000000795580000)
  object space 114176K, 50% used [0x0000000740000000,0x00000007437f9e40,0x0000000746f80000)
 Metaspace       used 14813K, capacity 14944K, committed 15104K, reserved 1062912K
  class space    used 1372K, capacity 1437K, committed 1536K, reserved 1048576K
Event: 7.742 GC heap after
Heap after GC invocations=10 (full 1):
 PSYoungGen      total 262144K, used 51683K [0x0000000795580000, 0x00000007b0d80000, 0x00000007c0000000)
  eden space 210432K, 0% used [0x0000000795580000,0x0000000795580000,0x00000007a2300000)
  from space 51712K, 99% used [0x00000007a2300000,0x00000007a5578ea8,0x00000007a5580000)
  to   space 67584K, 0% used [0x00000007acb80000,0x00000007acb80000,0x00000007b0d80000)
 ParOldGen       total 114176K, used 76525K [0x0000000740000000, 0x0000000746f80000, 0x0000000795580000)
  object space 114176K, 67% used [0x0000000740000000,0x0000000744abb430,0x0000000746f80000)
 Metaspace       used 14813K, capacity 14944K, committed 15104K, reserved 1062912K
  class space    used 1372K, capacity 1437K, committed 1536K, reserved 1048576K
}
Event: 8.536 GC heap before
{Heap before GC invocations=11 (full 1):
 PSYoungGen      total 262144K, used 262115K [0x0000000795580000, 0x00000007b0d80000, 0x00000007c0000000)
  eden space 210432K, 100% used [0x0000000795580000,0x00000007a2300000,0x00000007a2300000)
  from space 51712K, 99% used [0x00000007a2300000,0x00000007a5578ea8,0x00000007a5580000)
  to   space 67584K, 0% used [0x00000007acb80000,0x00000007acb80000,0x00000007b0d80000)
 ParOldGen       total 114176K, used 76525K [0x0000000740000000, 0x0000000746f80000, 0x0000000795580000)
  object space 114176K, 67% used [0x0000000740000000,0x0000000744abb430,0x0000000746f80000)
 Metaspace       used 14827K, capacity 15008K, committed 15360K, reserved 1062912K
  class space    used 1372K, capacity 1437K, committed 1536K, reserved 1048576K
Event: 8.681 GC heap after
Heap after GC invocations=11 (full 1):
 PSYoungGen      total 371712K, used 67581K [0x0000000795580000, 0x00000007b2780000, 0x00000007c0000000)
  eden space 304128K, 0% used [0x0000000795580000,0x0000000795580000,0x00000007a7e80000)
  from space 67584K, 99% used [0x00000007acb80000,0x00000007b0d7f7e8,0x00000007b0d80000)
  to   space 78848K, 0% used [0x00000007a7e80000,0x00000007a7e80000,0x00000007acb80000)
 ParOldGen       total 114176K, used 78939K [0x0000000740000000, 0x0000000746f80000, 0x0000000795580000)
  object space 114176K, 69% used [0x0000000740000000,0x0000000744d16f78,0x0000000746f80000)
 Metaspace       used 14827K, capacity 15008K, committed 15360K, reserved 1062912K
  class space    used 1372K, capacity 1437K, committed 1536K, reserved 1048576K
}
Event: 9.812 GC heap before
{Heap before GC invocations=12 (full 1):
 PSYoungGen      total 371712K, used 371709K [0x0000000795580000, 0x00000007b2780000, 0x00000007c0000000)
  eden space 304128K, 100% used [0x0000000795580000,0x00000007a7e80000,0x00000007a7e80000)
  from space 67584K, 99% used [0x00000007acb80000,0x00000007b0d7f7e8,0x00000007b0d80000)
  to   space 78848K, 0% used [0x00000007a7e80000,0x00000007a7e80000,0x00000007acb80000)
 ParOldGen       total 114176K, used 78939K [0x0000000740000000, 0x0000000746f80000, 0x0000000795580000)
  object space 114176K, 69% used [0x0000000740000000,0x0000000744d16f78,0x0000000746f80000)
 Metaspace       used 14896K, capacity 15072K, committed 15360K, reserved 1062912K
  class space    used 1373K, capacity 1437K, committed 1536K, reserved 1048576K
Event: 9.987 GC heap after
Heap after GC invocations=12 (full 1):
 PSYoungGen      total 382976K, used 78843K [0x0000000795580000, 0x00000007bd880000, 0x00000007c0000000)
  eden space 304128K, 0% used [0x0000000795580000,0x0000000795580000,0x00000007a7e80000)
  from space 78848K, 99% used [0x00000007a7e80000,0x00000007acb7ec08,0x00000007acb80000)
  to   space 97280K, 0% used [0x00000007b7980000,0x00000007b7980000,0x00000007bd880000)
 ParOldGen       total 114176K, used 96077K [0x0000000740000000, 0x0000000746f80000, 0x0000000795580000)
  object space 114176K, 84% used [0x0000000740000000,0x0000000745dd3580,0x0000000746f80000)
 Metaspace       used 14896K, capacity 15072K, committed 15360K, reserved 1062912K
  class space    used 1373K, capacity 1437K, committed 1536K, reserved 1048576K
}
Event: 9.987 GC heap before
{Heap before GC invocations=13 (full 2):
 PSYoungGen      total 382976K, used 78843K [0x0000000795580000, 0x00000007bd880000, 0x00000007c0000000)
  eden space 304128K, 0% used [0x0000000795580000,0x0000000795580000,0x00000007a7e80000)
  from space 78848K, 99% used [0x00000007a7e80000,0x00000007acb7ec08,0x00000007acb80000)
  to   space 97280K, 0% used [0x00000007b7980000,0x00000007b7980000,0x00000007bd880000)
 ParOldGen       total 114176K, used 96077K [0x0000000740000000, 0x0000000746f80000, 0x0000000795580000)
  object space 114176K, 84% used [0x0000000740000000,0x0000000745dd3580,0x0000000746f80000)
 Metaspace       used 14896K, capacity 15072K, committed 15360K, reserved 1062912K
  class space    used 1373K, capacity 1437K, committed 1536K, reserved 1048576K

