# JRE version: Java(TM) SE Runtime Environment (8.0_102-b14) (build 1.8.0_102-b14)
# Java VM: Java HotSpot(TM) 64-Bit Server VM (25.102-b14 mixed mode bsd-amd64 compressed oops)
Heap:
 PSYoungGen      total 261632K, used 30183K [0x0000000795580000, 0x00000007ac680000, 0x00000007c0000000)
  eden space 231424K, 0% used [0x0000000795580000,0x0000000795580000,0x00000007a3780000)
  from space 30208K, 99% used [0x00000007a7100000,0x00000007a8e79d18,0x00000007a8e80000)
  to   space 58880K, 0% used [0x00000007a3780000,0x00000007a3780000,0x00000007a7100000)
 ParOldGen       total 98816K, used 98060K [0x0000000740000000, 0x0000000746080000, 0x0000000795580000)
  object space 98816K, 99% used [0x0000000740000000,0x0000000745fc3158,0x0000000746080000)
 Metaspace       used 11463K, capacity 11678K, committed 11776K, reserved 1060864K
  class space    used 1202K, capacity 1250K, committed 1280K, reserved 1048576K
GC Heap History (10 events):
Event: 6.583 GC heap after
Heap after GC invocations=4 (full 0):
 PSYoungGen      total 71680K, used 5107K [0x0000000795580000, 0x000000079a080000, 0x00000007c0000000)
  eden space 66560K, 0% used [0x0000000795580000,0x0000000795580000,0x0000000799680000)
  from space 5120K, 99% used [0x0000000799b80000,0x000000079a07cc00,0x000000079a080000)
  to   space 5120K, 0% used [0x0000000799680000,0x0000000799680000,0x0000000799b80000)
 ParOldGen       total 87552K, used 21030K [0x0000000740000000, 0x0000000745580000, 0x0000000795580000)
  object space 87552K, 24% used [0x0000000740000000,0x0000000741489bd0,0x0000000745580000)
 Metaspace       used 10966K, capacity 11134K, committed 11264K, reserved 1058816K
  class space    used 1191K, capacity 1218K, committed 1280K, reserved 1048576K
}
Event: 6.896 GC heap before
{Heap before GC invocations=5 (full 0):
 PSYoungGen      total 71680K, used 71667K [0x0000000795580000, 0x000000079a080000, 0x00000007c0000000)
  eden space 66560K, 100% used [0x0000000795580000,0x0000000799680000,0x0000000799680000)
  from space 5120K, 99% used [0x0000000799b80000,0x000000079a07cc00,0x000000079a080000)
  to   space 5120K, 0% used [0x0000000799680000,0x0000000799680000,0x0000000799b80000)
 ParOldGen       total 87552K, used 21030K [0x0000000740000000, 0x0000000745580000, 0x0000000795580000)
  object space 87552K, 24% used [0x0000000740000000,0x0000000741489bd0,0x0000000745580000)
 Metaspace       used 11137K, capacity 11262K, committed 11520K, reserved 1058816K
  class space    used 1192K, capacity 1218K, committed 1280K, reserved 1048576K
Event: 6.916 GC heap after
Heap after GC invocations=5 (full 0):
 PSYoungGen      total 71680K, used 5091K [0x0000000795580000, 0x000000079fb80000, 0x00000007c0000000)
  eden space 66560K, 0% used [0x0000000795580000,0x0000000795580000,0x0000000799680000)
  from space 5120K, 99% used [0x0000000799680000,0x0000000799b78d48,0x0000000799b80000)
  to   space 18432K, 0% used [0x000000079e980000,0x000000079e980000,0x000000079fb80000)
 ParOldGen       total 87552K, used 31997K [0x0000000740000000, 0x0000000745580000, 0x0000000795580000)
  object space 87552K, 36% used [0x0000000740000000,0x0000000741f3f520,0x0000000745580000)
 Metaspace       used 11137K, capacity 11262K, committed 11520K, reserved 1058816K
  class space    used 1192K, capacity 1218K, committed 1280K, reserved 1048576K
}
Event: 7.163 GC heap before
{Heap before GC invocations=6 (full 0):
 PSYoungGen      total 71680K, used 71651K [0x0000000795580000, 0x000000079fb80000, 0x00000007c0000000)
  eden space 66560K, 100% used [0x0000000795580000,0x0000000799680000,0x0000000799680000)
  from space 5120K, 99% used [0x0000000799680000,0x0000000799b78d48,0x0000000799b80000)
  to   space 18432K, 0% used [0x000000079e980000,0x000000079e980000,0x000000079fb80000)
 ParOldGen       total 87552K, used 31997K [0x0000000740000000, 0x0000000745580000, 0x0000000795580000)
  object space 87552K, 36% used [0x0000000740000000,0x0000000741f3f520,0x0000000745580000)
 Metaspace       used 11145K, capacity 11262K, committed 11520K, reserved 1058816K
  class space    used 1192K, capacity 1218K, committed 1280K, reserved 1048576K
Event: 7.185 GC heap after
Heap after GC invocations=6 (full 0):
 PSYoungGen      total 148480K, used 18416K [0x0000000795580000, 0x00000007a0180000, 0x00000007c0000000)
  eden space 130048K, 0% used [0x0000000795580000,0x0000000795580000,0x000000079d480000)
  from space 18432K, 99% used [0x000000079e980000,0x000000079fb7c080,0x000000079fb80000)
  to   space 21504K, 0% used [0x000000079d480000,0x000000079d480000,0x000000079e980000)
 ParOldGen       total 87552K, used 32895K [0x0000000740000000, 0x0000000745580000, 0x0000000795580000)
  object space 87552K, 37% used [0x0000000740000000,0x000000074201fd50,0x0000000745580000)
 Metaspace       used 11145K, capacity 11262K, committed 11520K, reserved 1058816K
  class space    used 1192K, capacity 1218K, committed 1280K, reserved 1048576K
}
Event: 7.785 GC heap before
{Heap before GC invocations=7 (full 0):
 PSYoungGen      total 148480K, used 148464K [0x0000000795580000, 0x00000007a0180000, 0x00000007c0000000)
  eden space 130048K, 100% used [0x0000000795580000,0x000000079d480000,0x000000079d480000)
  from space 18432K, 99% used [0x000000079e980000,0x000000079fb7c080,0x000000079fb80000)
  to   space 21504K, 0% used [0x000000079d480000,0x000000079d480000,0x000000079e980000)
 ParOldGen       total 87552K, used 32895K [0x0000000740000000, 0x0000000745580000, 0x0000000795580000)
  object space 87552K, 37% used [0x0000000740000000,0x000000074201fd50,0x0000000745580000)
 Metaspace       used 11296K, capacity 11454K, committed 11520K, reserved 1058816K
  class space    used 1196K, capacity 1218K, committed 1280K, reserved 1048576K
Event: 7.819 GC heap after
Heap after GC invocations=7 (full 0):
 PSYoungGen      total 151552K, used 21486K [0x0000000795580000, 0x00000007a8e80000, 0x00000007c0000000)
  eden space 130048K, 0% used [0x0000000795580000,0x0000000795580000,0x000000079d480000)
  from space 21504K, 99% used [0x000000079d480000,0x000000079e97b9d0,0x000000079e980000)
  to   space 30208K, 0% used [0x00000007a7100000,0x00000007a7100000,0x00000007a8e80000)
 ParOldGen       total 87552K, used 43537K [0x0000000740000000, 0x0000000745580000, 0x0000000795580000)
  object space 87552K, 49% used [0x0000000740000000,0x0000000742a846b8,0x0000000745580000)
 Metaspace       used 11296K, capacity 11454K, committed 11520K, reserved 1058816K
  class space    used 1196K, capacity 1218K, committed 1280K, reserved 1048576K
}
Event: 8.301 GC heap before
{Heap before GC invocations=8 (full 0):
 PSYoungGen      total 151552K, used 151534K [0x0000000795580000, 0x00000007a8e80000, 0x00000007c0000000)
  eden space 130048K, 100% used [0x0000000795580000,0x000000079d480000,0x000000079d480000)
  from space 21504K, 99% used [0x000000079d480000,0x000000079e97b9d0,0x000000079e980000)
  to   space 30208K, 0% used [0x00000007a7100000,0x00000007a7100000,0x00000007a8e80000)
 ParOldGen       total 87552K, used 43537K [0x0000000740000000, 0x0000000745580000, 0x0000000795580000)
  object space 87552K, 49% used [0x0000000740000000,0x0000000742a846b8,0x0000000745580000)
 Metaspace       used 11463K, capacity 11678K, committed 11776K, reserved 1060864K
  class space    used 1202K, capacity 1250K, committed 1280K, reserved 1048576K
Event: 8.399 GC heap after
Heap after GC invocations=8 (full 0):
 PSYoungGen      total 261632K, used 30183K [0x0000000795580000, 0x00000007ac680000, 0x00000007c0000000)
  eden space 231424K, 0% used [0x0000000795580000,0x0000000795580000,0x00000007a3780000)
  from space 30208K, 99% used [0x00000007a7100000,0x00000007a8e79d18,0x00000007a8e80000)
  to   space 58880K, 0% used [0x00000007a3780000,0x00000007a3780000,0x00000007a7100000)
 ParOldGen       total 98816K, used 98060K [0x0000000740000000, 0x0000000746080000, 0x0000000795580000)
  object space 98816K, 99% used [0x0000000740000000,0x0000000745fc3158,0x0000000746080000)
 Metaspace       used 11463K, capacity 11678K, committed 11776K, reserved 1060864K
  class space    used 1202K, capacity 1250K, committed 1280K, reserved 1048576K
}
Event: 8.399 GC heap before
{Heap before GC invocations=9 (full 1):
 PSYoungGen      total 261632K, used 30183K [0x0000000795580000, 0x00000007ac680000, 0x00000007c0000000)
  eden space 231424K, 0% used [0x0000000795580000,0x0000000795580000,0x00000007a3780000)
  from space 30208K, 99% used [0x00000007a7100000,0x00000007a8e79d18,0x00000007a8e80000)
  to   space 58880K, 0% used [0x00000007a3780000,0x00000007a3780000,0x00000007a7100000)
 ParOldGen       total 98816K, used 98060K [0x0000000740000000, 0x0000000746080000, 0x0000000795580000)
  object space 98816K, 99% used [0x0000000740000000,0x0000000745fc3158,0x0000000746080000)
 Metaspace       used 11463K, capacity 11678K, committed 11776K, reserved 1060864K
  class space    used 1202K, capacity 1250K, committed 1280K, reserved 1048576K

