# JRE version: Java(TM) SE Runtime Environment (8.0_102-b14) (build 1.8.0_102-b14)
# Java VM: Java HotSpot(TM) 64-Bit Server VM (25.102-b14 mixed mode bsd-amd64 compressed oops)
Heap:
 PSYoungGen      total 355840K, used 28136K [0x0000000795580000, 0x00000007af200000, 0x00000007c0000000)
  eden space 327680K, 0% used [0x0000000795580000,0x0000000795580000,0x00000007a9580000)
  from space 28160K, 99% used [0x00000007ad680000,0x00000007af1fa368,0x00000007af200000)
  to   space 38912K, 0% used [0x00000007aa600000,0x00000007aa600000,0x00000007acc00000)
 ParOldGen       total 120320K, used 38237K [0x0000000740000000, 0x0000000747580000, 0x0000000795580000)
  object space 120320K, 31% used [0x0000000740000000,0x0000000742557520,0x0000000747580000)
 Metaspace       used 52798K, capacity 58914K, committed 59028K, reserved 1099776K
  class space    used 6373K, capacity 8378K, committed 8448K, reserved 1048576K
GC Heap History (10 events):
Event: 5.620 GC heap after
Heap after GC invocations=8 (full 0):
 PSYoungGen      total 292864K, used 28486K [0x0000000795580000, 0x00000007a9f80000, 0x00000007c0000000)
  eden space 257024K, 0% used [0x0000000795580000,0x0000000795580000,0x00000007a5080000)
  from space 35840K, 79% used [0x00000007a7680000,0x00000007a9251a68,0x00000007a9980000)
  to   space 38912K, 0% used [0x00000007a5080000,0x00000007a5080000,0x00000007a7680000)
 ParOldGen       total 87552K, used 49708K [0x0000000740000000, 0x0000000745580000, 0x0000000795580000)
  object space 87552K, 56% used [0x0000000740000000,0x000000074308b3b0,0x0000000745580000)
 Metaspace       used 19548K, capacity 21148K, committed 21248K, reserved 1069056K
  class space    used 1964K, capacity 2484K, committed 2560K, reserved 1048576K
}
Event: 5.620 GC heap before
{Heap before GC invocations=9 (full 1):
 PSYoungGen      total 292864K, used 28486K [0x0000000795580000, 0x00000007a9f80000, 0x00000007c0000000)
  eden space 257024K, 0% used [0x0000000795580000,0x0000000795580000,0x00000007a5080000)
  from space 35840K, 79% used [0x00000007a7680000,0x00000007a9251a68,0x00000007a9980000)
  to   space 38912K, 0% used [0x00000007a5080000,0x00000007a5080000,0x00000007a7680000)
 ParOldGen       total 87552K, used 49708K [0x0000000740000000, 0x0000000745580000, 0x0000000795580000)
  object space 87552K, 56% used [0x0000000740000000,0x000000074308b3b0,0x0000000745580000)
 Metaspace       used 19548K, capacity 21148K, committed 21248K, reserved 1069056K
  class space    used 1964K, capacity 2484K, committed 2560K, reserved 1048576K
Event: 5.735 GC heap after
Heap after GC invocations=9 (full 1):
 PSYoungGen      total 292864K, used 0K [0x0000000795580000, 0x00000007a9f80000, 0x00000007c0000000)
  eden space 257024K, 0% used [0x0000000795580000,0x0000000795580000,0x00000007a5080000)
  from space 35840K, 0% used [0x00000007a7680000,0x00000007a7680000,0x00000007a9980000)
  to   space 38912K, 0% used [0x00000007a5080000,0x00000007a5080000,0x00000007a7680000)
 ParOldGen       total 88576K, used 28331K [0x0000000740000000, 0x0000000745680000, 0x0000000795580000)
  object space 88576K, 31% used [0x0000000740000000,0x0000000741baada8,0x0000000745680000)
 Metaspace       used 19548K, capacity 21148K, committed 21248K, reserved 1069056K
  class space    used 1964K, capacity 2484K, committed 2560K, reserved 1048576K
}
Event: 7.474 GC heap before
{Heap before GC invocations=10 (full 1):
 PSYoungGen      total 292864K, used 65986K [0x0000000795580000, 0x00000007a9f80000, 0x00000007c0000000)
  eden space 257024K, 25% used [0x0000000795580000,0x00000007995f0ab8,0x00000007a5080000)
  from space 35840K, 0% used [0x00000007a7680000,0x00000007a7680000,0x00000007a9980000)
  to   space 38912K, 0% used [0x00000007a5080000,0x00000007a5080000,0x00000007a7680000)
 ParOldGen       total 88576K, used 28331K [0x0000000740000000, 0x0000000745680000, 0x0000000795580000)
  object space 88576K, 31% used [0x0000000740000000,0x0000000741baada8,0x0000000745680000)
 Metaspace       used 32624K, capacity 35314K, committed 35416K, reserved 1081344K
  class space    used 3696K, capacity 4591K, committed 4608K, reserved 1048576K
Event: 7.496 GC heap after
Heap after GC invocations=10 (full 1):
 PSYoungGen      total 295936K, used 16332K [0x0000000795580000, 0x00000007afa80000, 0x00000007c0000000)
  eden space 257024K, 0% used [0x0000000795580000,0x0000000795580000,0x00000007a5080000)
  from space 38912K, 41% used [0x00000007a5080000,0x00000007a6073140,0x00000007a7680000)
  to   space 36864K, 0% used [0x00000007ad680000,0x00000007ad680000,0x00000007afa80000)
 ParOldGen       total 88576K, used 28339K [0x0000000740000000, 0x0000000745680000, 0x0000000795580000)
  object space 88576K, 31% used [0x0000000740000000,0x0000000741bacda8,0x0000000745680000)
 Metaspace       used 32624K, capacity 35314K, committed 35416K, reserved 1081344K
  class space    used 3696K, capacity 4591K, committed 4608K, reserved 1048576K
}
Event: 7.496 GC heap before
{Heap before GC invocations=11 (full 2):
 PSYoungGen      total 295936K, used 16332K [0x0000000795580000, 0x00000007afa80000, 0x00000007c0000000)
  eden space 257024K, 0% used [0x0000000795580000,0x0000000795580000,0x00000007a5080000)
  from space 38912K, 41% used [0x00000007a5080000,0x00000007a6073140,0x00000007a7680000)
  to   space 36864K, 0% used [0x00000007ad680000,0x00000007ad680000,0x00000007afa80000)
 ParOldGen       total 88576K, used 28339K [0x0000000740000000, 0x0000000745680000, 0x0000000795580000)
  object space 88576K, 31% used [0x0000000740000000,0x0000000741bacda8,0x0000000745680000)
 Metaspace       used 32624K, capacity 35314K, committed 35416K, reserved 1081344K
  class space    used 3696K, capacity 4591K, committed 4608K, reserved 1048576K
Event: 7.591 GC heap after
Heap after GC invocations=11 (full 2):
 PSYoungGen      total 295936K, used 0K [0x0000000795580000, 0x00000007afa80000, 0x00000007c0000000)
  eden space 257024K, 0% used [0x0000000795580000,0x0000000795580000,0x00000007a5080000)
  from space 38912K, 0% used [0x00000007a5080000,0x00000007a5080000,0x00000007a7680000)
  to   space 36864K, 0% used [0x00000007ad680000,0x00000007ad680000,0x00000007afa80000)
 ParOldGen       total 120320K, used 38229K [0x0000000740000000, 0x0000000747580000, 0x0000000795580000)
  object space 120320K, 31% used [0x0000000740000000,0x0000000742555520,0x0000000747580000)
 Metaspace       used 32624K, capacity 35314K, committed 35416K, reserved 1081344K
  class space    used 3696K, capacity 4591K, committed 4608K, reserved 1048576K
}
Event: 11.959 GC heap before
{Heap before GC invocations=12 (full 2):
 PSYoungGen      total 295936K, used 137432K [0x0000000795580000, 0x00000007afa80000, 0x00000007c0000000)
  eden space 257024K, 53% used [0x0000000795580000,0x000000079dbb6020,0x00000007a5080000)
  from space 38912K, 0% used [0x00000007a5080000,0x00000007a5080000,0x00000007a7680000)
  to   space 36864K, 0% used [0x00000007ad680000,0x00000007ad680000,0x00000007afa80000)
 ParOldGen       total 120320K, used 38229K [0x0000000740000000, 0x0000000747580000, 0x0000000795580000)
  object space 120320K, 31% used [0x0000000740000000,0x0000000742555520,0x0000000747580000)
 Metaspace       used 52798K, capacity 58914K, committed 59028K, reserved 1099776K
  class space    used 6373K, capacity 8378K, committed 8448K, reserved 1048576K
Event: 11.999 GC heap after
Heap after GC invocations=12 (full 2):
 PSYoungGen      total 355840K, used 28136K [0x0000000795580000, 0x00000007af200000, 0x00000007c0000000)
  eden space 327680K, 0% used [0x0000000795580000,0x0000000795580000,0x00000007a9580000)
  from space 28160K, 99% used [0x00000007ad680000,0x00000007af1fa368,0x00000007af200000)
  to   space 38912K, 0% used [0x00000007aa600000,0x00000007aa600000,0x00000007acc00000)
 ParOldGen       total 120320K, used 38237K [0x0000000740000000, 0x0000000747580000, 0x0000000795580000)
  object space 120320K, 31% used [0x0000000740000000,0x0000000742557520,0x0000000747580000)
 Metaspace       used 52798K, capacity 58914K, committed 59028K, reserved 1099776K
  class space    used 6373K, capacity 8378K, committed 8448K, reserved 1048576K
}
Event: 11.999 GC heap before
{Heap before GC invocations=13 (full 3):
 PSYoungGen      total 355840K, used 28136K [0x0000000795580000, 0x00000007af200000, 0x00000007c0000000)
  eden space 327680K, 0% used [0x0000000795580000,0x0000000795580000,0x00000007a9580000)
  from space 28160K, 99% used [0x00000007ad680000,0x00000007af1fa368,0x00000007af200000)
  to   space 38912K, 0% used [0x00000007aa600000,0x00000007aa600000,0x00000007acc00000)
 ParOldGen       total 120320K, used 38237K [0x0000000740000000, 0x0000000747580000, 0x0000000795580000)
  object space 120320K, 31% used [0x0000000740000000,0x0000000742557520,0x0000000747580000)
 Metaspace       used 52798K, capacity 58914K, committed 59028K, reserved 1099776K
  class space    used 6373K, capacity 8378K, committed 8448K, reserved 1048576K

