# JRE version: Java(TM) SE Runtime Environment (8.0_102-b14) (build 1.8.0_102-b14)
# Java VM: Java HotSpot(TM) 64-Bit Server VM (25.102-b14 mixed mode bsd-amd64 compressed oops)
Heap:
 PSYoungGen      total 657920K, used 4456K [0x0000000795580000, 0x00000007bfa80000, 0x00000007c0000000)
  eden space 624640K, 0% used [0x0000000795580000,0x0000000795580000,0x00000007bb780000)
  from space 33280K, 13% used [0x00000007bda00000,0x00000007bde5a320,0x00000007bfa80000)
  to   space 34304K, 0% used [0x00000007bb780000,0x00000007bb780000,0x00000007bd900000)
 ParOldGen       total 155648K, used 60192K [0x0000000740000000, 0x0000000749800000, 0x0000000795580000)
  object space 155648K, 38% used [0x0000000740000000,0x0000000743ac8158,0x0000000749800000)
 Metaspace       used 31748K, capacity 35402K, committed 35496K, reserved 1081344K
  class space    used 3653K, capacity 4583K, committed 4608K, reserved 1048576K
GC Heap History (10 events):
Event: 50.428 GC heap after
Heap after GC invocations=28 (full 2):
 PSYoungGen      total 651776K, used 3808K [0x0000000795580000, 0x00000007bfa80000, 0x00000007c0000000)
  eden space 610304K, 0% used [0x0000000795580000,0x0000000795580000,0x00000007ba980000)
  from space 41472K, 9% used [0x00000007bd200000,0x00000007bd5b8000,0x00000007bfa80000)
  to   space 41472K, 0% used [0x00000007ba980000,0x00000007ba980000,0x00000007bd200000)
 ParOldGen       total 155648K, used 57880K [0x0000000740000000, 0x0000000749800000, 0x0000000795580000)
  object space 155648K, 37% used [0x0000000740000000,0x0000000743886158,0x0000000749800000)
 Metaspace       used 30056K, capacity 33040K, committed 33152K, reserved 1079296K
  class space    used 3408K, capacity 4131K, committed 4224K, reserved 1048576K
}
Event: 50.812 GC heap before
{Heap before GC invocations=29 (full 2):
 PSYoungGen      total 651776K, used 614112K [0x0000000795580000, 0x00000007bfa80000, 0x00000007c0000000)
  eden space 610304K, 100% used [0x0000000795580000,0x00000007ba980000,0x00000007ba980000)
  from space 41472K, 9% used [0x00000007bd200000,0x00000007bd5b8000,0x00000007bfa80000)
  to   space 41472K, 0% used [0x00000007ba980000,0x00000007ba980000,0x00000007bd200000)
 ParOldGen       total 155648K, used 57880K [0x0000000740000000, 0x0000000749800000, 0x0000000795580000)
  object space 155648K, 37% used [0x0000000740000000,0x0000000743886158,0x0000000749800000)
 Metaspace       used 30059K, capacity 33046K, committed 33152K, reserved 1079296K
  class space    used 3409K, capacity 4132K, committed 4224K, reserved 1048576K
Event: 50.821 GC heap after
Heap after GC invocations=29 (full 2):
 PSYoungGen      total 651776K, used 3808K [0x0000000795580000, 0x00000007bfd00000, 0x00000007c0000000)
  eden space 610304K, 0% used [0x0000000795580000,0x0000000795580000,0x00000007ba980000)
  from space 41472K, 9% used [0x00000007ba980000,0x00000007bad38000,0x00000007bd200000)
  to   space 39936K, 0% used [0x00000007bd600000,0x00000007bd600000,0x00000007bfd00000)
 ParOldGen       total 155648K, used 57888K [0x0000000740000000, 0x0000000749800000, 0x0000000795580000)
  object space 155648K, 37% used [0x0000000740000000,0x0000000743888158,0x0000000749800000)
 Metaspace       used 30059K, capacity 33046K, committed 33152K, reserved 1079296K
  class space    used 3409K, capacity 4132K, committed 4224K, reserved 1048576K
}
Event: 51.194 GC heap before
{Heap before GC invocations=30 (full 2):
 PSYoungGen      total 651776K, used 614112K [0x0000000795580000, 0x00000007bfd00000, 0x00000007c0000000)
  eden space 610304K, 100% used [0x0000000795580000,0x00000007ba980000,0x00000007ba980000)
  from space 41472K, 9% used [0x00000007ba980000,0x00000007bad38000,0x00000007bd200000)
  to   space 39936K, 0% used [0x00000007bd600000,0x00000007bd600000,0x00000007bfd00000)
 ParOldGen       total 155648K, used 57888K [0x0000000740000000, 0x0000000749800000, 0x0000000795580000)
  object space 155648K, 37% used [0x0000000740000000,0x0000000743888158,0x0000000749800000)
 Metaspace       used 30061K, capacity 33046K, committed 33152K, reserved 1079296K
  class space    used 3409K, capacity 4132K, committed 4224K, reserved 1048576K
Event: 51.201 GC heap after
Heap after GC invocations=30 (full 2):
 PSYoungGen      total 654848K, used 3808K [0x0000000795580000, 0x00000007bfa80000, 0x00000007c0000000)
  eden space 617472K, 0% used [0x0000000795580000,0x0000000795580000,0x00000007bb080000)
  from space 37376K, 10% used [0x00000007bd600000,0x00000007bd9b8000,0x00000007bfa80000)
  to   space 37888K, 0% used [0x00000007bb080000,0x00000007bb080000,0x00000007bd580000)
 ParOldGen       total 155648K, used 57896K [0x0000000740000000, 0x0000000749800000, 0x0000000795580000)
  object space 155648K, 37% used [0x0000000740000000,0x000000074388a158,0x0000000749800000)
 Metaspace       used 30061K, capacity 33046K, committed 33152K, reserved 1079296K
  class space    used 3409K, capacity 4132K, committed 4224K, reserved 1048576K
}
Event: 51.572 GC heap before
{Heap before GC invocations=31 (full 2):
 PSYoungGen      total 654848K, used 621280K [0x0000000795580000, 0x00000007bfa80000, 0x00000007c0000000)
  eden space 617472K, 100% used [0x0000000795580000,0x00000007bb080000,0x00000007bb080000)
  from space 37376K, 10% used [0x00000007bd600000,0x00000007bd9b8000,0x00000007bfa80000)
  to   space 37888K, 0% used [0x00000007bb080000,0x00000007bb080000,0x00000007bd580000)
 ParOldGen       total 155648K, used 57896K [0x0000000740000000, 0x0000000749800000, 0x0000000795580000)
  object space 155648K, 37% used [0x0000000740000000,0x000000074388a158,0x0000000749800000)
 Metaspace       used 30061K, capacity 33046K, committed 33152K, reserved 1079296K
  class space    used 3409K, capacity 4132K, committed 4224K, reserved 1048576K
Event: 51.581 GC heap after
Heap after GC invocations=31 (full 2):
 PSYoungGen      total 655360K, used 3552K [0x0000000795580000, 0x00000007bfd80000, 0x00000007c0000000)
  eden space 617472K, 0% used [0x0000000795580000,0x0000000795580000,0x00000007bb080000)
  from space 37888K, 9% used [0x00000007bb080000,0x00000007bb3f8000,0x00000007bd580000)
  to   space 36352K, 0% used [0x00000007bda00000,0x00000007bda00000,0x00000007bfd80000)
 ParOldGen       total 155648K, used 58192K [0x0000000740000000, 0x0000000749800000, 0x0000000795580000)
  object space 155648K, 37% used [0x0000000740000000,0x00000007438d4158,0x0000000749800000)
 Metaspace       used 30061K, capacity 33046K, committed 33152K, reserved 1079296K
  class space    used 3409K, capacity 4132K, committed 4224K, reserved 1048576K
}
Event: 52.181 GC heap before
{Heap before GC invocations=32 (full 2):
 PSYoungGen      total 655360K, used 399556K [0x0000000795580000, 0x00000007bfd80000, 0x00000007c0000000)
  eden space 617472K, 64% used [0x0000000795580000,0x00000007ad839330,0x00000007bb080000)
  from space 37888K, 9% used [0x00000007bb080000,0x00000007bb3f8000,0x00000007bd580000)
  to   space 36352K, 0% used [0x00000007bda00000,0x00000007bda00000,0x00000007bfd80000)
 ParOldGen       total 155648K, used 58192K [0x0000000740000000, 0x0000000749800000, 0x0000000795580000)
  object space 155648K, 37% used [0x0000000740000000,0x00000007438d4158,0x0000000749800000)
 Metaspace       used 31748K, capacity 35402K, committed 35496K, reserved 1081344K
  class space    used 3653K, capacity 4583K, committed 4608K, reserved 1048576K
Event: 52.196 GC heap after
Heap after GC invocations=32 (full 2):
 PSYoungGen      total 657920K, used 4456K [0x0000000795580000, 0x00000007bfa80000, 0x00000007c0000000)
  eden space 624640K, 0% used [0x0000000795580000,0x0000000795580000,0x00000007bb780000)
  from space 33280K, 13% used [0x00000007bda00000,0x00000007bde5a320,0x00000007bfa80000)
  to   space 34304K, 0% used [0x00000007bb780000,0x00000007bb780000,0x00000007bd900000)
 ParOldGen       total 155648K, used 60192K [0x0000000740000000, 0x0000000749800000, 0x0000000795580000)
  object space 155648K, 38% used [0x0000000740000000,0x0000000743ac8158,0x0000000749800000)
 Metaspace       used 31748K, capacity 35402K, committed 35496K, reserved 1081344K
  class space    used 3653K, capacity 4583K, committed 4608K, reserved 1048576K
}
Event: 52.196 GC heap before
{Heap before GC invocations=33 (full 3):
 PSYoungGen      total 657920K, used 4456K [0x0000000795580000, 0x00000007bfa80000, 0x00000007c0000000)
  eden space 624640K, 0% used [0x0000000795580000,0x0000000795580000,0x00000007bb780000)
  from space 33280K, 13% used [0x00000007bda00000,0x00000007bde5a320,0x00000007bfa80000)
  to   space 34304K, 0% used [0x00000007bb780000,0x00000007bb780000,0x00000007bd900000)
 ParOldGen       total 155648K, used 60192K [0x0000000740000000, 0x0000000749800000, 0x0000000795580000)
  object space 155648K, 38% used [0x0000000740000000,0x0000000743ac8158,0x0000000749800000)
 Metaspace       used 31748K, capacity 35402K, committed 35496K, reserved 1081344K
  class space    used 3653K, capacity 4583K, committed 4608K, reserved 1048576K

