# JRE version: Java(TM) SE Runtime Environment (8.0_102-b14) (build 1.8.0_102-b14)
# Java VM: Java HotSpot(TM) 64-Bit Server VM (25.102-b14 mixed mode bsd-amd64 compressed oops)
Heap:
 PSYoungGen      total 142336K, used 9293K [0x0000000795580000, 0x00000007a0f00000, 0x00000007c0000000)
  eden space 113664K, 0% used [0x0000000795580000,0x0000000795580000,0x000000079c480000)
  from space 28672K, 32% used [0x000000079c480000,0x000000079cd93560,0x000000079e080000)
  to   space 27136K, 0% used [0x000000079f480000,0x000000079f480000,0x00000007a0f00000)
 ParOldGen       total 113152K, used 54877K [0x0000000740000000, 0x0000000746e80000, 0x0000000795580000)
  object space 113152K, 48% used [0x0000000740000000,0x0000000743597588,0x0000000746e80000)
 Metaspace       used 24610K, capacity 26444K, committed 26624K, reserved 1073152K
  class space    used 2621K, capacity 3201K, committed 3328K, reserved 1048576K
GC Heap History (10 events):
Event: 33.532 GC heap after
Heap after GC invocations=23 (full 2):
 PSYoungGen      total 99328K, used 0K [0x0000000795580000, 0x000000079ea80000, 0x00000007c0000000)
  eden space 67072K, 0% used [0x0000000795580000,0x0000000795580000,0x0000000799700000)
  from space 32256K, 0% used [0x0000000799700000,0x0000000799700000,0x000000079b680000)
  to   space 31744K, 0% used [0x000000079cb80000,0x000000079cb80000,0x000000079ea80000)
 ParOldGen       total 113152K, used 50087K [0x0000000740000000, 0x0000000746e80000, 0x0000000795580000)
  object space 113152K, 44% used [0x0000000740000000,0x00000007430e9cb8,0x0000000746e80000)
 Metaspace       used 15055K, capacity 15746K, committed 16000K, reserved 1062912K
  class space    used 1493K, capacity 1645K, committed 1664K, reserved 1048576K
}
Event: 37.610 GC heap before
{Heap before GC invocations=24 (full 2):
 PSYoungGen      total 99328K, used 67072K [0x0000000795580000, 0x000000079ea80000, 0x00000007c0000000)
  eden space 67072K, 100% used [0x0000000795580000,0x0000000799700000,0x0000000799700000)
  from space 32256K, 0% used [0x0000000799700000,0x0000000799700000,0x000000079b680000)
  to   space 31744K, 0% used [0x000000079cb80000,0x000000079cb80000,0x000000079ea80000)
 ParOldGen       total 113152K, used 50087K [0x0000000740000000, 0x0000000746e80000, 0x0000000795580000)
  object space 113152K, 44% used [0x0000000740000000,0x00000007430e9cb8,0x0000000746e80000)
 Metaspace       used 16076K, capacity 16784K, committed 17024K, reserved 1064960K
  class space    used 1587K, capacity 1803K, committed 1920K, reserved 1048576K
Event: 37.623 GC heap after
Heap after GC invocations=24 (full 2):
 PSYoungGen      total 117760K, used 7011K [0x0000000795580000, 0x000000079e800000, 0x00000007c0000000)
  eden space 88576K, 0% used [0x0000000795580000,0x0000000795580000,0x000000079ac00000)
  from space 29184K, 24% used [0x000000079cb80000,0x000000079d258d70,0x000000079e800000)
  to   space 30720K, 0% used [0x000000079ac00000,0x000000079ac00000,0x000000079ca00000)
 ParOldGen       total 113152K, used 50095K [0x0000000740000000, 0x0000000746e80000, 0x0000000795580000)
  object space 113152K, 44% used [0x0000000740000000,0x00000007430ebcb8,0x0000000746e80000)
 Metaspace       used 16076K, capacity 16784K, committed 17024K, reserved 1064960K
  class space    used 1587K, capacity 1803K, committed 1920K, reserved 1048576K
}
Event: 40.149 GC heap before
{Heap before GC invocations=25 (full 2):
 PSYoungGen      total 117760K, used 95587K [0x0000000795580000, 0x000000079e800000, 0x00000007c0000000)
  eden space 88576K, 100% used [0x0000000795580000,0x000000079ac00000,0x000000079ac00000)
  from space 29184K, 24% used [0x000000079cb80000,0x000000079d258d70,0x000000079e800000)
  to   space 30720K, 0% used [0x000000079ac00000,0x000000079ac00000,0x000000079ca00000)
 ParOldGen       total 113152K, used 50095K [0x0000000740000000, 0x0000000746e80000, 0x0000000795580000)
  object space 113152K, 44% used [0x0000000740000000,0x00000007430ebcb8,0x0000000746e80000)
 Metaspace       used 16091K, capacity 16848K, committed 17024K, reserved 1064960K
  class space    used 1587K, capacity 1803K, committed 1920K, reserved 1048576K
Event: 40.163 GC heap after
Heap after GC invocations=25 (full 2):
 PSYoungGen      total 119296K, used 7321K [0x0000000795580000, 0x00000007a0000000, 0x00000007c0000000)
  eden space 88576K, 0% used [0x0000000795580000,0x0000000795580000,0x000000079ac00000)
  from space 30720K, 23% used [0x000000079ac00000,0x000000079b3267b8,0x000000079ca00000)
  to   space 29696K, 0% used [0x000000079e300000,0x000000079e300000,0x00000007a0000000)
 ParOldGen       total 113152K, used 54374K [0x0000000740000000, 0x0000000746e80000, 0x0000000795580000)
  object space 113152K, 48% used [0x0000000740000000,0x0000000743519878,0x0000000746e80000)
 Metaspace       used 16091K, capacity 16848K, committed 17024K, reserved 1064960K
  class space    used 1587K, capacity 1803K, committed 1920K, reserved 1048576K
}
Event: 41.600 GC heap before
{Heap before GC invocations=26 (full 2):
 PSYoungGen      total 119296K, used 95897K [0x0000000795580000, 0x00000007a0000000, 0x00000007c0000000)
  eden space 88576K, 100% used [0x0000000795580000,0x000000079ac00000,0x000000079ac00000)
  from space 30720K, 23% used [0x000000079ac00000,0x000000079b3267b8,0x000000079ca00000)
  to   space 29696K, 0% used [0x000000079e300000,0x000000079e300000,0x00000007a0000000)
 ParOldGen       total 113152K, used 54374K [0x0000000740000000, 0x0000000746e80000, 0x0000000795580000)
  object space 113152K, 48% used [0x0000000740000000,0x0000000743519878,0x0000000746e80000)
 Metaspace       used 16091K, capacity 16848K, committed 17024K, reserved 1064960K
  class space    used 1587K, capacity 1803K, committed 1920K, reserved 1048576K
Event: 41.606 GC heap after
Heap after GC invocations=26 (full 2):
 PSYoungGen      total 139776K, used 6735K [0x0000000795580000, 0x000000079fc80000, 0x00000007c0000000)
  eden space 113664K, 0% used [0x0000000795580000,0x0000000795580000,0x000000079c480000)
  from space 26112K, 25% used [0x000000079e300000,0x000000079e993d10,0x000000079fc80000)
  to   space 28672K, 0% used [0x000000079c480000,0x000000079c480000,0x000000079e080000)
 ParOldGen       total 113152K, used 54638K [0x0000000740000000, 0x0000000746e80000, 0x0000000795580000)
  object space 113152K, 48% used [0x0000000740000000,0x000000074355b888,0x0000000746e80000)
 Metaspace       used 16091K, capacity 16848K, committed 17024K, reserved 1064960K
  class space    used 1587K, capacity 1803K, committed 1920K, reserved 1048576K
}
Event: 43.472 GC heap before
{Heap before GC invocations=27 (full 2):
 PSYoungGen      total 139776K, used 72366K [0x0000000795580000, 0x000000079fc80000, 0x00000007c0000000)
  eden space 113664K, 57% used [0x0000000795580000,0x0000000799597ea8,0x000000079c480000)
  from space 26112K, 25% used [0x000000079e300000,0x000000079e993d10,0x000000079fc80000)
  to   space 28672K, 0% used [0x000000079c480000,0x000000079c480000,0x000000079e080000)
 ParOldGen       total 113152K, used 54638K [0x0000000740000000, 0x0000000746e80000, 0x0000000795580000)
  object space 113152K, 48% used [0x0000000740000000,0x000000074355b888,0x0000000746e80000)
 Metaspace       used 24610K, capacity 26444K, committed 26624K, reserved 1073152K
  class space    used 2621K, capacity 3201K, committed 3328K, reserved 1048576K
Event: 43.482 GC heap after
Heap after GC invocations=27 (full 2):
 PSYoungGen      total 142336K, used 9293K [0x0000000795580000, 0x00000007a0f00000, 0x00000007c0000000)
  eden space 113664K, 0% used [0x0000000795580000,0x0000000795580000,0x000000079c480000)
  from space 28672K, 32% used [0x000000079c480000,0x000000079cd93560,0x000000079e080000)
  to   space 27136K, 0% used [0x000000079f480000,0x000000079f480000,0x00000007a0f00000)
 ParOldGen       total 113152K, used 54877K [0x0000000740000000, 0x0000000746e80000, 0x0000000795580000)
  object space 113152K, 48% used [0x0000000740000000,0x0000000743597588,0x0000000746e80000)
 Metaspace       used 24610K, capacity 26444K, committed 26624K, reserved 1073152K
  class space    used 2621K, capacity 3201K, committed 3328K, reserved 1048576K
}
Event: 43.482 GC heap before
{Heap before GC invocations=28 (full 3):
 PSYoungGen      total 142336K, used 9293K [0x0000000795580000, 0x00000007a0f00000, 0x00000007c0000000)
  eden space 113664K, 0% used [0x0000000795580000,0x0000000795580000,0x000000079c480000)
  from space 28672K, 32% used [0x000000079c480000,0x000000079cd93560,0x000000079e080000)
  to   space 27136K, 0% used [0x000000079f480000,0x000000079f480000,0x00000007a0f00000)
 ParOldGen       total 113152K, used 54877K [0x0000000740000000, 0x0000000746e80000, 0x0000000795580000)
  object space 113152K, 48% used [0x0000000740000000,0x0000000743597588,0x0000000746e80000)
 Metaspace       used 24610K, capacity 26444K, committed 26624K, reserved 1073152K
  class space    used 2621K, capacity 3201K, committed 3328K, reserved 1048576K

