# JRE version: Java(TM) SE Runtime Environment (8.0_102-b14) (build 1.8.0_102-b14)
# Java VM: Java HotSpot(TM) 64-Bit Server VM (25.102-b14 mixed mode bsd-amd64 compressed oops)
Heap:
 PSYoungGen      total 637440K, used 547052K [0x0000000795580000, 0x00000007c0000000, 0x00000007c0000000)
  eden space 583680K, 93% used [0x0000000795580000,0x00000007b6bbb138,0x00000007b8f80000)
  from space 53760K, 0% used [0x00000007bc500000,0x00000007bc500000,0x00000007bf980000)
  to   space 54784K, 0% used [0x00000007b8f80000,0x00000007b8f80000,0x00000007bc500000)
 ParOldGen       total 239104K, used 79940K [0x0000000740000000, 0x000000074e980000, 0x0000000795580000)
  object space 239104K, 33% used [0x0000000740000000,0x0000000744e110c8,0x000000074e980000)
 Metaspace       used 86864K, capacity 97084K, committed 97320K, reserved 1132544K
  class space    used 10884K, capacity 13763K, committed 13864K, reserved 1048576K
GC Heap History (10 events):
Event: 28.186 GC heap before
{Heap before GC invocations=18 (full 2):
 PSYoungGen      total 567296K, used 510368K [0x0000000795580000, 0x00000007c0000000, 0x00000007c0000000)
  eden space 509440K, 100% used [0x0000000795580000,0x00000007b4700000,0x00000007b4700000)
  from space 57856K, 1% used [0x00000007b4700000,0x00000007b47e8000,0x00000007b7f80000)
  to   space 58368K, 0% used [0x00000007bc700000,0x00000007bc700000,0x00000007c0000000)
 ParOldGen       total 152064K, used 53057K [0x0000000740000000, 0x0000000749480000, 0x0000000795580000)
  object space 152064K, 34% used [0x0000000740000000,0x00000007433d05c8,0x0000000749480000)
 Metaspace       used 29058K, capacity 31610K, committed 31872K, reserved 1077248K
  class space    used 3269K, capacity 3930K, committed 3968K, reserved 1048576K
Event: 28.199 GC heap after
Heap after GC invocations=18 (full 2):
 PSYoungGen      total 639488K, used 5152K [0x0000000795580000, 0x00000007bfe80000, 0x00000007c0000000)
  eden space 582656K, 0% used [0x0000000795580000,0x0000000795580000,0x00000007b8e80000)
  from space 56832K, 9% used [0x00000007bc700000,0x00000007bcc08000,0x00000007bfe80000)
  to   space 57344K, 0% used [0x00000007b8e80000,0x00000007b8e80000,0x00000007bc680000)
 ParOldGen       total 152064K, used 53057K [0x0000000740000000, 0x0000000749480000, 0x0000000795580000)
  object space 152064K, 34% used [0x0000000740000000,0x00000007433d05c8,0x0000000749480000)
 Metaspace       used 29058K, capacity 31610K, committed 31872K, reserved 1077248K
  class space    used 3269K, capacity 3930K, committed 3968K, reserved 1048576K
}
Event: 31.215 GC heap before
{Heap before GC invocations=19 (full 2):
 PSYoungGen      total 639488K, used 351039K [0x0000000795580000, 0x00000007bfe80000, 0x00000007c0000000)
  eden space 582656K, 59% used [0x0000000795580000,0x00000007aa747c50,0x00000007b8e80000)
  from space 56832K, 9% used [0x00000007bc700000,0x00000007bcc08000,0x00000007bfe80000)
  to   space 57344K, 0% used [0x00000007b8e80000,0x00000007b8e80000,0x00000007bc680000)
 ParOldGen       total 152064K, used 53057K [0x0000000740000000, 0x0000000749480000, 0x0000000795580000)
  object space 152064K, 34% used [0x0000000740000000,0x00000007433d05c8,0x0000000749480000)
 Metaspace       used 32140K, capacity 35462K, committed 35496K, reserved 1081344K
  class space    used 3674K, capacity 4503K, committed 4520K, reserved 1048576K
Event: 31.254 GC heap after
Heap after GC invocations=19 (full 2):
 PSYoungGen      total 598016K, used 15209K [0x0000000795580000, 0x00000007bf980000, 0x00000007c0000000)
  eden space 582656K, 0% used [0x0000000795580000,0x0000000795580000,0x00000007b8e80000)
  from space 15360K, 99% used [0x00000007b8e80000,0x00000007b9d5a508,0x00000007b9d80000)
  to   space 53760K, 0% used [0x00000007bc500000,0x00000007bc500000,0x00000007bf980000)
 ParOldGen       total 152064K, used 53065K [0x0000000740000000, 0x0000000749480000, 0x0000000795580000)
  object space 152064K, 34% used [0x0000000740000000,0x00000007433d25c8,0x0000000749480000)
 Metaspace       used 32140K, capacity 35462K, committed 35496K, reserved 1081344K
  class space    used 3674K, capacity 4503K, committed 4520K, reserved 1048576K
}
Event: 31.254 GC heap before
{Heap before GC invocations=20 (full 3):
 PSYoungGen      total 598016K, used 15209K [0x0000000795580000, 0x00000007bf980000, 0x00000007c0000000)
  eden space 582656K, 0% used [0x0000000795580000,0x0000000795580000,0x00000007b8e80000)
  from space 15360K, 99% used [0x00000007b8e80000,0x00000007b9d5a508,0x00000007b9d80000)
  to   space 53760K, 0% used [0x00000007bc500000,0x00000007bc500000,0x00000007bf980000)
 ParOldGen       total 152064K, used 53065K [0x0000000740000000, 0x0000000749480000, 0x0000000795580000)
  object space 152064K, 34% used [0x0000000740000000,0x00000007433d25c8,0x0000000749480000)
 Metaspace       used 32140K, capacity 35462K, committed 35496K, reserved 1081344K
  class space    used 3674K, capacity 4503K, committed 4520K, reserved 1048576K
Event: 31.512 GC heap after
Heap after GC invocations=20 (full 3):
 PSYoungGen      total 598016K, used 0K [0x0000000795580000, 0x00000007bf980000, 0x00000007c0000000)
  eden space 582656K, 0% used [0x0000000795580000,0x0000000795580000,0x00000007b8e80000)
  from space 15360K, 0% used [0x00000007b8e80000,0x00000007b8e80000,0x00000007b9d80000)
  to   space 53760K, 0% used [0x00000007bc500000,0x00000007bc500000,0x00000007bf980000)
 ParOldGen       total 185344K, used 62898K [0x0000000740000000, 0x000000074b500000, 0x0000000795580000)
  object space 185344K, 33% used [0x0000000740000000,0x0000000743d6cbe0,0x000000074b500000)
 Metaspace       used 32140K, capacity 35462K, committed 35496K, reserved 1081344K
  class space    used 3674K, capacity 4503K, committed 4520K, reserved 1048576K
}
Event: 34.799 GC heap before
{Heap before GC invocations=21 (full 3):
 PSYoungGen      total 598016K, used 177103K [0x0000000795580000, 0x00000007bf980000, 0x00000007c0000000)
  eden space 582656K, 30% used [0x0000000795580000,0x00000007a0273e08,0x00000007b8e80000)
  from space 15360K, 0% used [0x00000007b8e80000,0x00000007b8e80000,0x00000007b9d80000)
  to   space 53760K, 0% used [0x00000007bc500000,0x00000007bc500000,0x00000007bf980000)
 ParOldGen       total 185344K, used 62898K [0x0000000740000000, 0x000000074b500000, 0x0000000795580000)
  object space 185344K, 33% used [0x0000000740000000,0x0000000743d6cbe0,0x000000074b500000)
 Metaspace       used 52943K, capacity 59046K, committed 59160K, reserved 1099776K
  class space    used 6325K, capacity 8063K, committed 8104K, reserved 1048576K
Event: 34.830 GC heap after
Heap after GC invocations=21 (full 3):
 PSYoungGen      total 637440K, used 30060K [0x0000000795580000, 0x00000007c0000000, 0x00000007c0000000)
  eden space 583680K, 0% used [0x0000000795580000,0x0000000795580000,0x00000007b8f80000)
  from space 53760K, 55% used [0x00000007bc500000,0x00000007be25b2a8,0x00000007bf980000)
  to   space 54784K, 0% used [0x00000007b8f80000,0x00000007b8f80000,0x00000007bc500000)
 ParOldGen       total 185344K, used 62906K [0x0000000740000000, 0x000000074b500000, 0x0000000795580000)
  object space 185344K, 33% used [0x0000000740000000,0x0000000743d6ebe0,0x000000074b500000)
 Metaspace       used 52943K, capacity 59046K, committed 59160K, reserved 1099776K
  class space    used 6325K, capacity 8063K, committed 8104K, reserved 1048576K
}
Event: 34.830 GC heap before
{Heap before GC invocations=22 (full 4):
 PSYoungGen      total 637440K, used 30060K [0x0000000795580000, 0x00000007c0000000, 0x00000007c0000000)
  eden space 583680K, 0% used [0x0000000795580000,0x0000000795580000,0x00000007b8f80000)
  from space 53760K, 55% used [0x00000007bc500000,0x00000007be25b2a8,0x00000007bf980000)
  to   space 54784K, 0% used [0x00000007b8f80000,0x00000007b8f80000,0x00000007bc500000)
 ParOldGen       total 185344K, used 62906K [0x0000000740000000, 0x000000074b500000, 0x0000000795580000)
  object space 185344K, 33% used [0x0000000740000000,0x0000000743d6ebe0,0x000000074b500000)
 Metaspace       used 52943K, capacity 59046K, committed 59160K, reserved 1099776K
  class space    used 6325K, capacity 8063K, committed 8104K, reserved 1048576K
Event: 34.998 GC heap after
Heap after GC invocations=22 (full 4):
 PSYoungGen      total 637440K, used 0K [0x0000000795580000, 0x00000007c0000000, 0x00000007c0000000)
  eden space 583680K, 0% used [0x0000000795580000,0x0000000795580000,0x00000007b8f80000)
  from space 53760K, 0% used [0x00000007bc500000,0x00000007bc500000,0x00000007bf980000)
  to   space 54784K, 0% used [0x00000007b8f80000,0x00000007b8f80000,0x00000007bc500000)
 ParOldGen       total 239104K, used 79940K [0x0000000740000000, 0x000000074e980000, 0x0000000795580000)
  object space 239104K, 33% used [0x0000000740000000,0x0000000744e110c8,0x000000074e980000)
 Metaspace       used 52943K, capacity 59046K, committed 59160K, reserved 1099776K
  class space    used 6325K, capacity 8063K, committed 8104K, reserved 1048576K
}

